<?xml version="1.0" encoding="UTF-8"?>
<robot generator="Robot 5.0 (Python 3.10.4 on win32)" generated="20220514 16:20:15.455" rpa="false" schemaversion="3">
<suite id="s1" name="Test" source="C:\Users\2102915200\Documents\Projetos\selenium-robot\test.robot">
<test id="s1-t1" name="Deve retorno mensagens de boas vindas" line="7">
<kw name="Welcome" library="app">
<var>${result}</var>
<arg>Thiago</arg>
<msg timestamp="20220514 16:20:15.551" level="INFO">${result} = Olá Thiago, Ben vindo ao curso de Robot Framework</msg>
<status status="PASS" starttime="20220514 16:20:15.550" endtime="20220514 16:20:15.551"/>
</kw>
<kw name="Should Be Equal" library="BuiltIn">
<arg>${result}</arg>
<arg>Olá Thiago, Bem vindo ao curso de Robot Framework</arg>
<doc>Fails if the given objects are unequal.</doc>
<msg timestamp="20220514 16:20:15.557" level="FAIL">Olá Thiago, Ben vindo ao curso de Robot Framework != Olá Thiago, Bem vindo ao curso de Robot Framework</msg>
<status status="FAIL" starttime="20220514 16:20:15.555" endtime="20220514 16:20:15.557"/>
</kw>
<status status="FAIL" starttime="20220514 16:20:15.543" endtime="20220514 16:20:15.558">Olá Thiago, Ben vindo ao curso de Robot Framework != Olá Thiago, Bem vindo ao curso de Robot Framework</status>
</test>
<status status="FAIL" starttime="20220514 16:20:15.459" endtime="20220514 16:20:15.569"/>
</suite>
<statistics>
<total>
<stat pass="0" fail="1" skip="0">All Tests</stat>
</total>
<tag>
</tag>
<suite>
<stat pass="0" fail="1" skip="0" id="s1" name="Test">Test</stat>
</suite>
</statistics>
<errors>
</errors>
</robot>
