<?xml version="1.0" encoding="UTF-8"?>
<robot generator="Robot 5.0 (Python 3.10.4 on win32)" generated="20220515 18:46:34.781" rpa="false" schemaversion="3">
<suite id="s1" name="Login" source="C:\Users\2102915200\Documents\Projetos\selenium-robot\web\tests\login.robot">
<test id="s1-t1" name="Usuario invalido" line="25">
<kw name="Nova sessao" library="base" type="SETUP">
<kw name="Open Browser" library="SeleniumLibrary">
<arg>${url}</arg>
<arg>chrome</arg>
<doc>Opens a new browser instance to the optional ``url``.</doc>
<msg timestamp="20220515 18:46:35.387" level="INFO">Opening browser 'chrome' to base url 'https://training-wheels-protocol.herokuapp.com/'.</msg>
<status status="PASS" starttime="20220515 18:46:35.387" endtime="20220515 18:46:48.113"/>
</kw>
<status status="PASS" starttime="20220515 18:46:35.386" endtime="20220515 18:46:48.113"/>
</kw>
<kw name="Go To" library="SeleniumLibrary">
<arg>${url}/login</arg>
<doc>Navigates the current browser window to the provided ``url``.</doc>
<msg timestamp="20220515 18:46:48.116" level="INFO">Opening url 'https://training-wheels-protocol.herokuapp.com//login'</msg>
<status status="PASS" starttime="20220515 18:46:48.115" endtime="20220515 18:46:49.138"/>
</kw>
<kw name="Input Text" library="SeleniumLibrary">
<arg>css:input[name=username]</arg>
<arg>thiago</arg>
<doc>Types the given ``text`` into the text field identified by ``locator``.</doc>
<msg timestamp="20220515 18:46:49.142" level="INFO">Typing text 'thiago' into text field 'css:input[name=username]'.</msg>
<status status="PASS" starttime="20220515 18:46:49.140" endtime="20220515 18:46:49.309"/>
</kw>
<kw name="Input Text" library="SeleniumLibrary">
<arg>css:input[name=password]</arg>
<arg>abc123!</arg>
<doc>Types the given ``text`` into the text field identified by ``locator``.</doc>
<msg timestamp="20220515 18:46:49.311" level="INFO">Typing text 'abc123!' into text field 'css:input[name=password]'.</msg>
<status status="PASS" starttime="20220515 18:46:49.310" endtime="20220515 18:46:49.513"/>
</kw>
<kw name="Click Element" library="SeleniumLibrary">
<arg>class:btn-login</arg>
<doc>Click the element identified by ``locator``.</doc>
<msg timestamp="20220515 18:46:49.514" level="INFO">Clicking element 'class:btn-login'.</msg>
<status status="PASS" starttime="20220515 18:46:49.514" endtime="20220515 18:46:50.066"/>
</kw>
<kw name="Get WebElement" library="SeleniumLibrary">
<var>${message}</var>
<arg>id:flash</arg>
<doc>Returns the first WebElement matching the given ``locator``.</doc>
<msg timestamp="20220515 18:46:50.094" level="INFO">${message} = &lt;selenium.webdriver.remote.webelement.WebElement (session="3c704236af99d65ad59d36796f549158", element="61e57aa0-3865-413c-a5fd-47cbd2e9131e")&gt;</msg>
<status status="PASS" starttime="20220515 18:46:50.067" endtime="20220515 18:46:50.094"/>
</kw>
<kw name="Should Contain" library="BuiltIn">
<arg>${message.text}</arg>
<arg>O usuário informado não está cadastrado!</arg>
<doc>Fails if ``container`` does not contain ``item`` one or more times.</doc>
<status status="PASS" starttime="20220515 18:46:50.095" endtime="20220515 18:46:50.123"/>
</kw>
<kw name="Encerra sessao" library="base" type="TEARDOWN">
<kw name="Capture Page Screenshot" library="SeleniumLibrary">
<doc>Takes a screenshot of the current page and embeds it into a log file.</doc>
<msg timestamp="20220515 18:46:50.666" level="INFO" html="true">&lt;/td&gt;&lt;/tr&gt;&lt;tr&gt;&lt;td colspan="3"&gt;&lt;a href="selenium-screenshot-25.png"&gt;&lt;img src="selenium-screenshot-25.png" width="800px"&gt;&lt;/a&gt;</msg>
<status status="PASS" starttime="20220515 18:46:50.125" endtime="20220515 18:46:50.666"/>
</kw>
<kw name="Close Browser" library="SeleniumLibrary">
<doc>Closes the current browser.</doc>
<status status="PASS" starttime="20220515 18:46:50.666" endtime="20220515 18:46:53.120"/>
</kw>
<status status="PASS" starttime="20220515 18:46:50.124" endtime="20220515 18:46:53.120"/>
</kw>
<tag>usuarioinvalido</tag>
<status status="PASS" starttime="20220515 18:46:35.384" endtime="20220515 18:46:53.122"/>
</test>
<status status="PASS" starttime="20220515 18:46:34.786" endtime="20220515 18:46:53.125"/>
</suite>
<statistics>
<total>
<stat pass="1" fail="0" skip="0">All Tests</stat>
</total>
<tag>
<stat pass="1" fail="0" skip="0">usuarioinvalido</stat>
</tag>
<suite>
<stat pass="1" fail="0" skip="0" id="s1" name="Login">Login</stat>
</suite>
</statistics>
<errors>
</errors>
</robot>
