<?xml version="1.0" encoding="UTF-8"?>
<robot generator="Robot 5.0 (Python 3.10.4 on win32)" generated="20220515 18:23:33.965" rpa="false" schemaversion="3">
<suite id="s1" name="Tables" source="C:\Users\2102915200\Documents\Projetos\selenium-robot\web\tests\tables.robot">
<test id="s1-t1" name="Verificar o valor ao informar o numero da linha" line="9">
<kw name="Nova sessao" library="base" type="SETUP">
<kw name="Open Browser" library="SeleniumLibrary">
<arg>${url}</arg>
<arg>chrome</arg>
<doc>Opens a new browser instance to the optional ``url``.</doc>
<msg timestamp="20220515 18:23:34.592" level="INFO">Opening browser 'chrome' to base url 'https://training-wheels-protocol.herokuapp.com/'.</msg>
<status status="PASS" starttime="20220515 18:23:34.591" endtime="20220515 18:23:51.586"/>
</kw>
<status status="PASS" starttime="20220515 18:23:34.590" endtime="20220515 18:23:51.587"/>
</kw>
<kw name="Go To" library="SeleniumLibrary">
<arg>${url}/tables</arg>
<doc>Navigates the current browser window to the provided ``url``.</doc>
<msg timestamp="20220515 18:23:51.589" level="INFO">Opening url 'https://training-wheels-protocol.herokuapp.com//tables'</msg>
<status status="PASS" starttime="20220515 18:23:51.588" endtime="20220515 18:23:52.219"/>
</kw>
<kw name="Table Row Should Contain" library="SeleniumLibrary">
<arg>id:actors</arg>
<arg>2</arg>
<arg>@vindiesel</arg>
<doc>Verifies that table row contains text ``expected``.</doc>
<status status="PASS" starttime="20220515 18:23:52.221" endtime="20220515 18:23:52.331"/>
</kw>
<kw name="Encerra sessao" library="base" type="TEARDOWN">
<kw name="Capture Page Screenshot" library="SeleniumLibrary">
<doc>Takes a screenshot of the current page and embeds it into a log file.</doc>
<msg timestamp="20220515 18:23:52.767" level="INFO" html="true">&lt;/td&gt;&lt;/tr&gt;&lt;tr&gt;&lt;td colspan="3"&gt;&lt;a href="selenium-screenshot-19.png"&gt;&lt;img src="selenium-screenshot-19.png" width="800px"&gt;&lt;/a&gt;</msg>
<status status="PASS" starttime="20220515 18:23:52.333" endtime="20220515 18:23:52.767"/>
</kw>
<kw name="Close Browser" library="SeleniumLibrary">
<doc>Closes the current browser.</doc>
<status status="PASS" starttime="20220515 18:23:52.767" endtime="20220515 18:23:55.284"/>
</kw>
<status status="PASS" starttime="20220515 18:23:52.332" endtime="20220515 18:23:55.285"/>
</kw>
<status status="PASS" starttime="20220515 18:23:34.585" endtime="20220515 18:23:55.286"/>
</test>
<test id="s1-t2" name="Descobre a linha pelo texto chave e valida os demais valores" line="13">
<kw name="Nova sessao" library="base" type="SETUP">
<kw name="Open Browser" library="SeleniumLibrary">
<arg>${url}</arg>
<arg>chrome</arg>
<doc>Opens a new browser instance to the optional ``url``.</doc>
<msg timestamp="20220515 18:23:55.294" level="INFO">Opening browser 'chrome' to base url 'https://training-wheels-protocol.herokuapp.com/'.</msg>
<status status="PASS" starttime="20220515 18:23:55.293" endtime="20220515 18:24:12.134"/>
</kw>
<status status="PASS" starttime="20220515 18:23:55.292" endtime="20220515 18:24:12.134"/>
</kw>
<kw name="Go To" library="SeleniumLibrary">
<arg>${url}/tables</arg>
<doc>Navigates the current browser window to the provided ``url``.</doc>
<msg timestamp="20220515 18:24:12.135" level="INFO">Opening url 'https://training-wheels-protocol.herokuapp.com//tables'</msg>
<status status="PASS" starttime="20220515 18:24:12.135" endtime="20220515 18:24:12.750"/>
</kw>
<kw name="Get WebElement" library="SeleniumLibrary">
<var>${target}</var>
<arg>xpath:.//tr[contains(.,'@chadwickboseman')]</arg>
<doc>Returns the first WebElement matching the given ``locator``.</doc>
<msg timestamp="20220515 18:24:12.783" level="INFO">${target} = &lt;selenium.webdriver.remote.webelement.WebElement (session="3be19b17f0b0d47d90b64bc4b38fd8ed", element="59911b41-f606-451f-b120-fab54da1d6c9")&gt;</msg>
<status status="PASS" starttime="20220515 18:24:12.751" endtime="20220515 18:24:12.783"/>
</kw>
<kw name="Log" library="BuiltIn">
<arg>${target.text}</arg>
<doc>Logs the given message with the given level.</doc>
<msg timestamp="20220515 18:24:12.818" level="INFO">Chadwick Boseman Pantera Negra Vingadores $ 700.000 @chadwickboseman edit delete</msg>
<status status="PASS" starttime="20220515 18:24:12.784" endtime="20220515 18:24:12.819"/>
</kw>
<kw name="Log To Console" library="BuiltIn">
<arg>${target.text}</arg>
<doc>Logs the given message to the console.</doc>
<status status="PASS" starttime="20220515 18:24:12.820" endtime="20220515 18:24:12.841"/>
</kw>
<kw name="Should Contain" library="BuiltIn">
<arg>${target.text}</arg>
<arg>$ 700.000</arg>
<doc>Fails if ``container`` does not contain ``item`` one or more times.</doc>
<status status="PASS" starttime="20220515 18:24:12.844" endtime="20220515 18:24:12.871"/>
</kw>
<kw name="Should Contain" library="BuiltIn">
<arg>${target.text}</arg>
<arg>Pantera Negra</arg>
<doc>Fails if ``container`` does not contain ``item`` one or more times.</doc>
<status status="PASS" starttime="20220515 18:24:12.871" endtime="20220515 18:24:12.892"/>
</kw>
<kw name="Encerra sessao" library="base" type="TEARDOWN">
<kw name="Capture Page Screenshot" library="SeleniumLibrary">
<doc>Takes a screenshot of the current page and embeds it into a log file.</doc>
<msg timestamp="20220515 18:24:13.304" level="INFO" html="true">&lt;/td&gt;&lt;/tr&gt;&lt;tr&gt;&lt;td colspan="3"&gt;&lt;a href="selenium-screenshot-20.png"&gt;&lt;img src="selenium-screenshot-20.png" width="800px"&gt;&lt;/a&gt;</msg>
<status status="PASS" starttime="20220515 18:24:12.894" endtime="20220515 18:24:13.304"/>
</kw>
<kw name="Close Browser" library="SeleniumLibrary">
<doc>Closes the current browser.</doc>
<status status="PASS" starttime="20220515 18:24:13.305" endtime="20220515 18:24:15.681"/>
</kw>
<status status="PASS" starttime="20220515 18:24:12.893" endtime="20220515 18:24:15.682"/>
</kw>
<status status="PASS" starttime="20220515 18:23:55.290" endtime="20220515 18:24:15.683"/>
</test>
<status status="PASS" starttime="20220515 18:23:33.971" endtime="20220515 18:24:15.687"/>
</suite>
<statistics>
<total>
<stat pass="2" fail="0" skip="0">All Tests</stat>
</total>
<tag>
</tag>
<suite>
<stat pass="2" fail="0" skip="0" id="s1" name="Tables">Tables</stat>
</suite>
</statistics>
<errors>
</errors>
</robot>
