<?xml version="1.0" encoding="UTF-8"?>
<robot generator="Robot 5.0 (Python 3.10.4 on win32)" generated="20220514 20:18:46.594" rpa="false" schemaversion="3">
<suite id="s1" name="Select" source="C:\Users\2102915200\Documents\Projetos\selenium-robot\web\tests\select.robot">
<test id="s1-t1" name="Selecionar por texto e valir por valor" line="8">
<kw name="Nova sessao" library="base" type="SETUP">
<kw name="Open Browser" library="SeleniumLibrary">
<arg>${url}</arg>
<arg>chrome</arg>
<doc>Opens a new browser instance to the optional ``url``.</doc>
<msg timestamp="20220514 20:18:47.246" level="INFO">Opening browser 'chrome' to base url 'https://training-wheels-protocol.herokuapp.com/'.</msg>
<status status="PASS" starttime="20220514 20:18:47.246" endtime="20220514 20:19:03.693"/>
</kw>
<status status="PASS" starttime="20220514 20:18:47.245" endtime="20220514 20:19:03.694"/>
</kw>
<kw name="Go To" library="SeleniumLibrary">
<arg>${url}/dropdown</arg>
<doc>Navigates the current browser window to the provided ``url``.</doc>
<msg timestamp="20220514 20:19:03.698" level="INFO">Opening url 'https://training-wheels-protocol.herokuapp.com//dropdown'</msg>
<status status="PASS" starttime="20220514 20:19:03.697" endtime="20220514 20:19:04.151"/>
</kw>
<kw name="Select From List By Label" library="SeleniumLibrary">
<arg>class:avenger-list</arg>
<arg>Scott Lang</arg>
<doc>Selects options from selection list ``locator`` by ``labels``.</doc>
<msg timestamp="20220514 20:19:04.153" level="INFO">Selecting options from selection list 'class:avenger-list' by label Scott Lang.</msg>
<status status="PASS" starttime="20220514 20:19:04.152" endtime="20220514 20:19:04.309"/>
</kw>
<kw name="Get Selected List Value" library="SeleniumLibrary">
<var>${selected}</var>
<arg>class:avenger-list</arg>
<doc>Returns the value of selected option from selection list ``locator``.</doc>
<msg timestamp="20220514 20:19:04.529" level="INFO">${selected} = 7</msg>
<status status="PASS" starttime="20220514 20:19:04.310" endtime="20220514 20:19:04.529"/>
</kw>
<kw name="Should Be Equal" library="BuiltIn">
<arg>${selected}</arg>
<arg>7</arg>
<doc>Fails if the given objects are unequal.</doc>
<status status="PASS" starttime="20220514 20:19:04.530" endtime="20220514 20:19:04.531"/>
</kw>
<kw name="Encerra sessao" library="base" type="TEARDOWN">
<kw name="Capture Page Screenshot" library="SeleniumLibrary">
<doc>Takes a screenshot of the current page and embeds it into a log file.</doc>
<msg timestamp="20220514 20:19:05.148" level="INFO" html="true">&lt;/td&gt;&lt;/tr&gt;&lt;tr&gt;&lt;td colspan="3"&gt;&lt;a href="selenium-screenshot-12.png"&gt;&lt;img src="selenium-screenshot-12.png" width="800px"&gt;&lt;/a&gt;</msg>
<status status="PASS" starttime="20220514 20:19:04.533" endtime="20220514 20:19:05.149"/>
</kw>
<kw name="Close Browser" library="SeleniumLibrary">
<doc>Closes the current browser.</doc>
<status status="PASS" starttime="20220514 20:19:05.149" endtime="20220514 20:19:07.548"/>
</kw>
<status status="PASS" starttime="20220514 20:19:04.532" endtime="20220514 20:19:07.549"/>
</kw>
<status status="PASS" starttime="20220514 20:18:47.243" endtime="20220514 20:19:07.550"/>
</test>
<test id="s1-t2" name="Selecionar por valor e valida por texto" line="13">
<kw name="Nova sessao" library="base" type="SETUP">
<kw name="Open Browser" library="SeleniumLibrary">
<arg>${url}</arg>
<arg>chrome</arg>
<doc>Opens a new browser instance to the optional ``url``.</doc>
<msg timestamp="20220514 20:19:07.561" level="INFO">Opening browser 'chrome' to base url 'https://training-wheels-protocol.herokuapp.com/'.</msg>
<status status="PASS" starttime="20220514 20:19:07.559" endtime="20220514 20:19:26.252"/>
</kw>
<status status="PASS" starttime="20220514 20:19:07.557" endtime="20220514 20:19:26.253"/>
</kw>
<kw name="Go To" library="SeleniumLibrary">
<arg>${url}/dropdown</arg>
<doc>Navigates the current browser window to the provided ``url``.</doc>
<msg timestamp="20220514 20:19:26.257" level="INFO">Opening url 'https://training-wheels-protocol.herokuapp.com//dropdown'</msg>
<status status="PASS" starttime="20220514 20:19:26.255" endtime="20220514 20:19:26.662"/>
</kw>
<kw name="Select From List By Value" library="SeleniumLibrary">
<arg>id:dropdown</arg>
<arg>6</arg>
<doc>Selects options from selection list ``locator`` by ``values``.</doc>
<msg timestamp="20220514 20:19:26.664" level="INFO">Selecting options from selection list 'id:dropdown' by value 6.</msg>
<status status="PASS" starttime="20220514 20:19:26.663" endtime="20220514 20:19:26.810"/>
</kw>
<kw name="Get Selected List Label" library="SeleniumLibrary">
<var>${selected}</var>
<arg>id:dropdown</arg>
<doc>Returns the label of selected option from selection list ``locator``.</doc>
<msg timestamp="20220514 20:19:27.012" level="INFO">${selected} = Loki</msg>
<status status="PASS" starttime="20220514 20:19:26.811" endtime="20220514 20:19:27.012"/>
</kw>
<kw name="Should Be Equal" library="BuiltIn">
<arg>${selected}</arg>
<arg>Loki</arg>
<doc>Fails if the given objects are unequal.</doc>
<status status="PASS" starttime="20220514 20:19:27.013" endtime="20220514 20:19:27.013"/>
</kw>
<kw name="Encerra sessao" library="base" type="TEARDOWN">
<kw name="Capture Page Screenshot" library="SeleniumLibrary">
<doc>Takes a screenshot of the current page and embeds it into a log file.</doc>
<msg timestamp="20220514 20:19:27.645" level="INFO" html="true">&lt;/td&gt;&lt;/tr&gt;&lt;tr&gt;&lt;td colspan="3"&gt;&lt;a href="selenium-screenshot-13.png"&gt;&lt;img src="selenium-screenshot-13.png" width="800px"&gt;&lt;/a&gt;</msg>
<status status="PASS" starttime="20220514 20:19:27.014" endtime="20220514 20:19:27.645"/>
</kw>
<kw name="Close Browser" library="SeleniumLibrary">
<doc>Closes the current browser.</doc>
<status status="PASS" starttime="20220514 20:19:27.645" endtime="20220514 20:19:30.051"/>
</kw>
<status status="PASS" starttime="20220514 20:19:27.014" endtime="20220514 20:19:30.051"/>
</kw>
<status status="PASS" starttime="20220514 20:19:07.555" endtime="20220514 20:19:30.053"/>
</test>
<status status="PASS" starttime="20220514 20:18:46.599" endtime="20220514 20:19:30.060"/>
</suite>
<statistics>
<total>
<stat pass="2" fail="0" skip="0">All Tests</stat>
</total>
<tag>
</tag>
<suite>
<stat pass="2" fail="0" skip="0" id="s1" name="Select">Select</stat>
</suite>
</statistics>
<errors>
</errors>
</robot>
