<?xml version="1.0" encoding="UTF-8"?>
<robot generator="Robot 5.0 (Python 3.10.4 on win32)" generated="20220514 20:06:50.356" rpa="false" schemaversion="3">
<suite id="s1" name="Radio" source="C:\Users\2102915200\Documents\Projetos\selenium-robot\web\tests\radio.robot">
<test id="s1-t1" name="Selecionando por ID" line="10">
<kw name="Nova sessao" library="base" type="SETUP">
<kw name="Open Browser" library="SeleniumLibrary">
<arg>${url}</arg>
<arg>chrome</arg>
<doc>Opens a new browser instance to the optional ``url``.</doc>
<msg timestamp="20220514 20:06:51.002" level="INFO">Opening browser 'chrome' to base url 'https://training-wheels-protocol.herokuapp.com/'.</msg>
<status status="PASS" starttime="20220514 20:06:51.001" endtime="20220514 20:07:07.117"/>
</kw>
<status status="PASS" starttime="20220514 20:06:50.999" endtime="20220514 20:07:07.119"/>
</kw>
<kw name="Go To" library="SeleniumLibrary">
<arg>${url}/radios</arg>
<doc>Navigates the current browser window to the provided ``url``.</doc>
<msg timestamp="20220514 20:07:07.122" level="INFO">Opening url 'https://training-wheels-protocol.herokuapp.com//radios'</msg>
<status status="PASS" starttime="20220514 20:07:07.121" endtime="20220514 20:07:11.355"/>
</kw>
<kw name="Select Radio Button" library="SeleniumLibrary">
<arg>movies</arg>
<arg>cap</arg>
<doc>Sets the radio button group ``group_name`` to ``value``.</doc>
<msg timestamp="20220514 20:07:11.357" level="INFO">Selecting 'cap' from radio button 'movies'.</msg>
<status status="PASS" starttime="20220514 20:07:11.356" endtime="20220514 20:07:11.497"/>
</kw>
<kw name="Radio Button Should Be Set To" library="SeleniumLibrary">
<arg>movies</arg>
<arg>cap</arg>
<doc>Verifies radio button group ``group_name`` is set to ``value``.</doc>
<msg timestamp="20220514 20:07:11.498" level="INFO">Verifying radio button 'movies' has selection 'cap'.</msg>
<status status="PASS" starttime="20220514 20:07:11.498" endtime="20220514 20:07:11.565"/>
</kw>
<kw name="Encerra sessao" library="base" type="TEARDOWN">
<kw name="Capture Page Screenshot" library="SeleniumLibrary">
<doc>Takes a screenshot of the current page and embeds it into a log file.</doc>
<msg timestamp="20220514 20:07:11.963" level="INFO" html="true">&lt;/td&gt;&lt;/tr&gt;&lt;tr&gt;&lt;td colspan="3"&gt;&lt;a href="selenium-screenshot-6.png"&gt;&lt;img src="selenium-screenshot-6.png" width="800px"&gt;&lt;/a&gt;</msg>
<status status="PASS" starttime="20220514 20:07:11.567" endtime="20220514 20:07:11.964"/>
</kw>
<kw name="Close Browser" library="SeleniumLibrary">
<doc>Closes the current browser.</doc>
<status status="PASS" starttime="20220514 20:07:11.964" endtime="20220514 20:07:14.364"/>
</kw>
<status status="PASS" starttime="20220514 20:07:11.566" endtime="20220514 20:07:14.364"/>
</kw>
<status status="PASS" starttime="20220514 20:06:50.998" endtime="20220514 20:07:14.366"/>
</test>
<test id="s1-t2" name="Selecionando por Value" line="15">
<kw name="Nova sessao" library="base" type="SETUP">
<kw name="Open Browser" library="SeleniumLibrary">
<arg>${url}</arg>
<arg>chrome</arg>
<doc>Opens a new browser instance to the optional ``url``.</doc>
<msg timestamp="20220514 20:07:14.375" level="INFO">Opening browser 'chrome' to base url 'https://training-wheels-protocol.herokuapp.com/'.</msg>
<status status="PASS" starttime="20220514 20:07:14.374" endtime="20220514 20:07:34.257"/>
</kw>
<status status="PASS" starttime="20220514 20:07:14.372" endtime="20220514 20:07:34.257"/>
</kw>
<kw name="Go To" library="SeleniumLibrary">
<arg>${url}/radios</arg>
<doc>Navigates the current browser window to the provided ``url``.</doc>
<msg timestamp="20220514 20:07:34.260" level="INFO">Opening url 'https://training-wheels-protocol.herokuapp.com//radios'</msg>
<status status="PASS" starttime="20220514 20:07:34.259" endtime="20220514 20:07:37.447"/>
</kw>
<kw name="Select Radio Button" library="SeleniumLibrary">
<arg>movies</arg>
<arg>guardians</arg>
<doc>Sets the radio button group ``group_name`` to ``value``.</doc>
<msg timestamp="20220514 20:07:37.449" level="INFO">Selecting 'guardians' from radio button 'movies'.</msg>
<status status="PASS" starttime="20220514 20:07:37.449" endtime="20220514 20:07:37.587"/>
</kw>
<kw name="Radio Button Should Be Set To" library="SeleniumLibrary">
<arg>movies</arg>
<arg>guardians</arg>
<doc>Verifies radio button group ``group_name`` is set to ``value``.</doc>
<msg timestamp="20220514 20:07:37.588" level="INFO">Verifying radio button 'movies' has selection 'guardians'.</msg>
<status status="PASS" starttime="20220514 20:07:37.588" endtime="20220514 20:07:37.718"/>
</kw>
<kw name="Encerra sessao" library="base" type="TEARDOWN">
<kw name="Capture Page Screenshot" library="SeleniumLibrary">
<doc>Takes a screenshot of the current page and embeds it into a log file.</doc>
<msg timestamp="20220514 20:07:38.114" level="INFO" html="true">&lt;/td&gt;&lt;/tr&gt;&lt;tr&gt;&lt;td colspan="3"&gt;&lt;a href="selenium-screenshot-7.png"&gt;&lt;img src="selenium-screenshot-7.png" width="800px"&gt;&lt;/a&gt;</msg>
<status status="PASS" starttime="20220514 20:07:37.720" endtime="20220514 20:07:38.114"/>
</kw>
<kw name="Close Browser" library="SeleniumLibrary">
<doc>Closes the current browser.</doc>
<status status="PASS" starttime="20220514 20:07:38.115" endtime="20220514 20:07:40.456"/>
</kw>
<status status="PASS" starttime="20220514 20:07:37.719" endtime="20220514 20:07:40.457"/>
</kw>
<status status="PASS" starttime="20220514 20:07:14.371" endtime="20220514 20:07:40.457"/>
</test>
<status status="PASS" starttime="20220514 20:06:50.361" endtime="20220514 20:07:40.460"/>
</suite>
<statistics>
<total>
<stat pass="2" fail="0" skip="0">All Tests</stat>
</total>
<tag>
</tag>
<suite>
<stat pass="2" fail="0" skip="0" id="s1" name="Radio">Radio</stat>
</suite>
</statistics>
<errors>
</errors>
</robot>
